<?xml version="1.0" encoding="UTF-8"?>
<testng-results ignored="0" total="2" passed="2" failed="0" skipped="0">
  <reporter-output>
  </reporter-output>
  <suite started-at="2023-07-26T13:25:43 IST" name="Default suite" finished-at="2023-07-26T13:26:08 IST" duration-ms="24772">
    <groups>
    </groups>
    <test started-at="2023-07-26T13:25:43 IST" name="Default test" finished-at="2023-07-26T13:26:08 IST" duration-ms="24772">
      <class name="testNG.Chrome">
        <test-method is-config="true" signature="launch()[pri:0, instance:testNG.Chrome@66c92293]" started-at="2023-07-26T13:25:43 IST" name="launch" finished-at="2023-07-26T13:25:46 IST" duration-ms="3265" status="PASS">
          <reporter-output>
          </reporter-output>
        </test-method> <!-- launch -->
        <test-method signature="open()[pri:0, instance:testNG.Chrome@66c92293]" started-at="2023-07-26T13:25:46 IST" name="open" finished-at="2023-07-26T13:26:01 IST" duration-ms="14871" status="PASS">
          <reporter-output>
          </reporter-output>
        </test-method> <!-- open -->
        <test-method signature="w()[pri:0, instance:testNG.Chrome@66c92293]" started-at="2023-07-26T13:26:01 IST" name="w" finished-at="2023-07-26T13:26:08 IST" duration-ms="6180" status="PASS">
          <reporter-output>
          </reporter-output>
        </test-method> <!-- w -->
        <test-method is-config="true" signature="close()[pri:0, instance:testNG.Chrome@66c92293]" started-at="2023-07-26T13:26:08 IST" name="close" finished-at="2023-07-26T13:26:08 IST" duration-ms="118" status="PASS">
          <reporter-output>
          </reporter-output>
        </test-method> <!-- close -->
      </class> <!-- testNG.Chrome -->
    </test> <!-- Default test -->
  </suite> <!-- Default suite -->
</testng-results>
